<?xml version="1.0" encoding="UTF-8"?>
<testng-results skipped="0" failed="0" ignored="0" total="1" passed="1">
  <reporter-output>
  </reporter-output>
  <suite name="Default suite" duration-ms="18464" started-at="2020-01-21T15:50:58 BRT" finished-at="2020-01-21T15:51:17 BRT">
    <groups>
    </groups>
    <test name="Default test" duration-ms="18464" started-at="2020-01-21T15:50:58 BRT" finished-at="2020-01-21T15:51:17 BRT">
      <class name="br.com.rsi.hub_tdd.steps.test.negativo.TestBuscaNaTelaProdutoNaoEncontrado">
        <test-method status="PASS" signature="setUp()[pri:0, instance:br.com.rsi.hub_tdd.steps.test.negativo.TestBuscaNaTelaProdutoNaoEncontrado@1c3a4799]" name="setUp" is-config="true" duration-ms="15308" started-at="2020-01-21T15:50:58 BRT" finished-at="2020-01-21T15:51:13 BRT">
          <reporter-output>
          </reporter-output>
        </test-method> <!-- setUp -->
        <test-method status="PASS" signature="testBuscaNaTelaProdutoNaoEncontrado()[pri:0, instance:br.com.rsi.hub_tdd.steps.test.negativo.TestBuscaNaTelaProdutoNaoEncontrado@1c3a4799]" name="testBuscaNaTelaProdutoNaoEncontrado" duration-ms="2531" started-at="2020-01-21T15:51:13 BRT" finished-at="2020-01-21T15:51:16 BRT">
          <reporter-output>
          </reporter-output>
        </test-method> <!-- testBuscaNaTelaProdutoNaoEncontrado -->
        <test-method status="PASS" signature="tearDown()[pri:0, instance:br.com.rsi.hub_tdd.steps.test.negativo.TestBuscaNaTelaProdutoNaoEncontrado@1c3a4799]" name="tearDown" is-config="true" duration-ms="601" started-at="2020-01-21T15:51:16 BRT" finished-at="2020-01-21T15:51:17 BRT">
          <reporter-output>
          </reporter-output>
        </test-method> <!-- tearDown -->
      </class> <!-- br.com.rsi.hub_tdd.steps.test.negativo.TestBuscaNaTelaProdutoNaoEncontrado -->
    </test> <!-- Default test -->
  </suite> <!-- Default suite -->
</testng-results>
